Using pre-set license
Built from '2020.3/staging' branch; Version is '2020.3.26f1 (7298b473bc1a) revision 7510196'; Using compiler version '192528614'; Build Type 'Release'
OS: 'Windows 10  (10.0.19042) 64bit Professional' Language: 'tr' Physical Memory: 8156 MB
BatchMode: 1, IsHumanControllingUs: 0, StartBugReporterOnCrash: 0, Is64bit: 1, IsPro: 0

COMMAND LINE ARGUMENTS:
C:\Unity\2020.3.26f1\Editor\Unity.exe
-adb2
-batchMode
-noUpm
-name
AssetImportWorker2
-projectPath
C:/Users/efe/Documents/GitHub/Object Pooling
-logFile
Logs/AssetImportWorker2.log
-srvPort
52271
Successfully changed project path to: C:/Users/efe/Documents/GitHub/Object Pooling
C:/Users/efe/Documents/GitHub/Object Pooling
Using Asset Import Pipeline V2.
